{"level":"info","message":"Server listening on 8080","label":"catalog/server.js","timestamp":"15-02-2016T0:2:18"}
{"level":"error","message":"Error status: 404, Error path: /ngkfg/vbnvnv, Error message: Page not found!","label":"catalog/server.js","timestamp":"15-02-2016T0:2:23"}
{"level":"info","message":"Server listening on 8080","label":"catalog/server.js","timestamp":"15-02-2016T00:07:35"}
{"level":"info","message":"Server listening on 8080","label":"catalog/server.js","timestamp":"15-02-2016T17:07:10"}
{"level":"info","message":"Server listening on 8080","label":"catalog/server.js","timestamp":"15-02-2016T17:23:57"}
{"level":"error","message":"Error status: 404, Error path: /djfdjkfd, Error message: Page not found!","label":"catalog/server.js","timestamp":"15-02-2016T17:24:04"}
{"level":"error","message":"Error status: 404, Error path: /fdfd, Error message: Page not found!","label":"catalog/server.js","timestamp":"15-02-2016T17:24:45"}
{"level":"error","message":"Error status: 404, Error path: /fdfd, Error message: Page not found!","label":"catalog/server.js","timestamp":"15-02-2016T17:25:38"}
{"level":"error","message":"Error status: 404, Error path: /app/organizations/dfsf, Error message: Page not found!","label":"catalog/server.js","timestamp":"15-02-2016T17:26:51"}
{"level":"error","message":"Error status: 404, Error path: /app/organizations/dfmkf;s, Error message: Page not found!","label":"catalog/server.js","timestamp":"15-02-2016T17:28:53"}
{"level":"error","message":"Error status: 404, Error path: /app/organizations/dfmkf;s, Error message: Page not found!","label":"catalog/server.js","timestamp":"15-02-2016T17:30:05"}
{"level":"error","message":"Error status: 404, Error path: /app/organizations/dfmkf;s, Error message: Page not found!","label":"catalog/server.js","timestamp":"15-02-2016T17:30:17"}
{"level":"error","message":"Error status: 404, Error path: /app/organizations/dfmkf;s, Error message: Page not found!","label":"catalog/server.js","timestamp":"15-02-2016T17:30:46"}
{"level":"error","message":"Error status: 404, Error path: /app/organizations/dfmkf;s, Error message: Page not found!","label":"catalog/server.js","timestamp":"15-02-2016T17:31:00"}
{"level":"error","message":"Error status: 404, Error path: /app/organizations/dfmkf;s, Error message: Page not found!","label":"catalog/server.js","timestamp":"15-02-2016T17:31:27"}
{"level":"error","message":"Error status: 404, Error path: /app/organizations/dfmkf;s, Error message: Page not found!","label":"catalog/server.js","timestamp":"15-02-2016T17:31:28"}
{"level":"error","message":"Error status: 404, Error path: /app/organizations/dfmkf;s, Error message: Page not found!","label":"catalog/server.js","timestamp":"15-02-2016T17:31:29"}
{"level":"error","message":"Error status: 404, Error path: /app/organizations/dfmkf;s, Error message: Page not found!","label":"catalog/server.js","timestamp":"15-02-2016T17:31:47"}
{"level":"error","message":"Error status: 404, Error path: /app/organizations/dfmkf;s, Error message: Page not found!","label":"catalog/server.js","timestamp":"15-02-2016T17:32:01"}
{"level":"error","message":"Error status: 404, Error path: /app/organizations/dfmkf;s, Error message: Page not found!","label":"catalog/server.js","timestamp":"15-02-2016T17:32:14"}
{"level":"error","message":"Error status: 404, Error path: /app/organizations/dfmkf;s, Error message: Page not found!","label":"catalog/server.js","timestamp":"15-02-2016T17:32:48"}
{"level":"error","message":"Error status: 404, Error path: /app/organizationsgdfg, Error message: Page not found!","label":"catalog/server.js","timestamp":"15-02-2016T17:33:08"}
{"level":"error","message":"Error status: 404, Error path: /app/organizationsgdfg, Error message: Page not found!","label":"catalog/server.js","timestamp":"15-02-2016T17:33:17"}
{"level":"error","message":"Error status: 404, Error path: /app/organizationsgllkdgdg, Error message: Page not found!","label":"catalog/server.js","timestamp":"15-02-2016T17:33:26"}
{"level":"info","message":"Server listening on 8080","label":"catalog/server.js","timestamp":"15-02-2016T18:01:10"}
{"level":"error","message":"Error status: 404, Error path: /app/catalogs, Error message: Page not found!","label":"catalog/server.js","timestamp":"15-02-2016T18:05:38"}
{"level":"error","message":"Error status: 404, Error path: /app/catalogs/types, Error message: Page not found!","label":"catalog/server.js","timestamp":"15-02-2016T23:21:35"}
{"level":"info","message":"Server listening on 8080","label":"catalog/server.js","timestamp":"15-02-2016T23:24:12"}
{"level":"info","message":"Server listening on 8080","label":"catalog/server.js","timestamp":"15-02-2016T23:29:38"}
{"level":"info","message":"Server listening on 8080","label":"catalog/server.js","timestamp":"15-02-2016T23:48:54"}
{"level":"info","message":"Server listening on 8080","label":"catalog/server.js","timestamp":"15-02-2016T23:50:48"}
{"level":"info","message":"Server listening on 8080","label":"catalog/server.js","timestamp":"15-02-2016T23:53:23"}
{"level":"error","message":"Error status: 404, Error path: /app/catalogs, Error message: Page not found!","label":"catalog/server.js","timestamp":"16-02-2016T00:03:18"}
{"level":"info","message":"Server listening on 8080","label":"catalog/server.js","timestamp":"16-02-2016T00:06:59"}
{"level":"info","message":"Server listening on 8080","label":"catalog/server.js","timestamp":"16-02-2016T00:14:58"}
{"level":"info","message":"Server listening on 8080","label":"catalog/server.js","timestamp":"16-02-2016T00:16:15"}
{"level":"error","message":"Error status: 404, Error path: /app/catalogs, Error message: Page not found!","label":"catalog/server.js","timestamp":"16-02-2016T00:16:16"}
{"level":"info","message":"Server listening on 8080","label":"catalog/server.js","timestamp":"16-02-2016T00:19:08"}
{"level":"error","message":"Error status: 404, Error path: /app/catalogs/types, Error message: Page not found!","label":"catalog/server.js","timestamp":"16-02-2016T00:42:16"}
{"level":"error","message":"Error status: 404, Error path: /app/catalogs/types, Error message: Page not found!","label":"catalog/server.js","timestamp":"16-02-2016T00:44:13"}
{"level":"error","message":"Error status: 404, Error path: /app, Error message: Page not found!","label":"catalog/server.js","timestamp":"16-02-2016T00:45:17"}
{"level":"error","message":"Error status: 404, Error path: /app/catalogs, Error message: Page not found!","label":"catalog/server.js","timestamp":"16-02-2016T00:45:26"}
{"level":"info","message":"Server listening on 8080","label":"catalog/server.js","timestamp":"16-02-2016T00:46:43"}
{"level":"info","message":"Server listening on 8080","label":"catalog/server.js","timestamp":"16-02-2016T20:31:28"}
{"level":"info","message":"Server listening on 8080","label":"catalog/server.js","timestamp":"16-02-2016T21:11:00"}
{"level":"info","message":"Server listening on 8080","label":"catalog/server.js","timestamp":"16-02-2016T23:29:01"}
{"level":"error","message":"Error status: 404, Error path: /app//catalogs/types, Error message: Page not found!","label":"catalog/server.js","timestamp":"16-02-2016T23:29:40"}
{"level":"info","message":"Server listening on 8080","label":"catalog/server.js","timestamp":"16-02-2016T23:33:54"}
{"level":"error","message":"Error status: 404, Error path: /app//catalogs/types, Error message: Page not found!","label":"catalog/server.js","timestamp":"16-02-2016T23:34:03"}
{"level":"error","message":"Error status: 404, Error path: /app/catalogs/types, Error message: Page not found!","label":"catalog/server.js","timestamp":"16-02-2016T23:34:35"}
{"level":"error","message":"Error status: 404, Error path: /app/catalogs/managers, Error message: Page not found!","label":"catalog/server.js","timestamp":"16-02-2016T23:35:04"}
{"level":"info","message":"Server listening on 8080","label":"catalog/server.js","timestamp":"16-02-2016T23:35:48"}
{"level":"error","message":"Error status: 404, Error path: /app/catalogs/managers, Error message: Page not found!","label":"catalog/server.js","timestamp":"16-02-2016T23:35:58"}
{"level":"info","message":"Server listening on 8080","label":"catalog/server.js","timestamp":"16-02-2016T23:37:54"}
{"level":"info","message":"Server listening on 8080","label":"catalog/server.js","timestamp":"16-02-2016T23:42:59"}
{"level":"error","message":"Error status: 404, Error path: /app/catalogs/managers, Error message: Page not found!","label":"catalog/server.js","timestamp":"16-02-2016T23:43:52"}
{"level":"info","message":"Server listening on 8080","label":"catalog/server.js","timestamp":"16-02-2016T23:45:36"}
{"level":"info","message":"Server listening on 8080","label":"catalog/server.js","timestamp":"16-02-2016T23:49:07"}
{"level":"info","message":"Server listening on 8080","label":"catalog/server.js","timestamp":"16-02-2016T23:50:42"}
{"level":"info","message":"Server listening on 8080","label":"catalog/server.js","timestamp":"16-02-2016T23:52:01"}
{"level":"info","message":"Server listening on 8080","label":"catalog/server.js","timestamp":"16-02-2016T23:55:03"}
{"level":"info","message":"Server listening on 8080","label":"catalog/server.js","timestamp":"16-02-2016T23:57:33"}
{"level":"info","message":"Server listening on 8080","label":"catalog/server.js","timestamp":"17-02-2016T06:57:59"}
{"level":"info","message":"Server listening on 8080","label":"catalog/server.js","timestamp":"17-02-2016T07:04:30"}
{"level":"info","message":"Server listening on 8080","label":"catalog/server.js","timestamp":"17-02-2016T07:06:46"}
{"level":"info","message":"Server listening on 8080","label":"catalog/server.js","timestamp":"17-02-2016T07:07:03"}
{"level":"info","message":"Server listening on 8080","label":"catalog/server.js","timestamp":"17-02-2016T21:45:34"}
{"level":"error","message":"Error status: 404, Error path: /app/catalogs/managers, Error message: Page not found!","label":"catalog/server.js","timestamp":"17-02-2016T21:48:49"}
{"level":"error","message":"Error status: 404, Error path: /app/catalogs/managers, Error message: Page not found!","label":"catalog/server.js","timestamp":"17-02-2016T21:57:17"}
{"level":"info","message":"Server listening on 8080","label":"catalog/server.js","timestamp":"17-02-2016T22:03:12"}
{"level":"info","message":"Server listening on 8080","label":"catalog/server.js","timestamp":"17-02-2016T22:06:26"}
{"level":"info","message":"Server listening on 8080","label":"catalog/server.js","timestamp":"17-02-2016T22:10:18"}
{"level":"info","message":"Server listening on 8080","label":"catalog/server.js","timestamp":"17-02-2016T22:12:49"}
{"level":"info","message":"Server listening on 8080","label":"catalog/server.js","timestamp":"17-02-2016T22:14:23"}
{"level":"info","message":"Server listening on 8080","label":"catalog/server.js","timestamp":"17-02-2016T22:15:42"}
{"level":"info","message":"Server listening on 8080","label":"catalog/server.js","timestamp":"17-02-2016T22:24:49"}
{"level":"info","message":"Server listening on 8080","label":"catalog/server.js","timestamp":"17-02-2016T22:26:50"}
{"level":"info","message":"Server listening on 8080","label":"catalog/server.js","timestamp":"17-02-2016T22:27:08"}
{"level":"info","message":"Server listening on 8080","label":"catalog/server.js","timestamp":"17-02-2016T22:28:26"}
{"level":"info","message":"Server listening on 8080","label":"catalog/server.js","timestamp":"18-02-2016T14:41:12"}
{"level":"info","message":"Server listening on 8080","label":"catalog/server.js","timestamp":"18-02-2016T15:07:07"}
{"level":"error","message":"Error status: 404, Error path: /app/catalogs/managers, Error message: Page not found!","label":"catalog/server.js","timestamp":"18-02-2016T15:12:10"}
{"level":"info","message":"Server listening on 8080","label":"catalog/server.js","timestamp":"18-02-2016T15:14:49"}
{"level":"info","message":"Server listening on 8080","label":"catalog/server.js","timestamp":"18-02-2016T15:29:58"}
{"level":"error","message":"Error status: 404, Error path: /app/catalogs/ddfdf, Error message: Not Found","label":"catalog/server.js","timestamp":"18-02-2016T15:37:37"}
{"level":"info","message":"Server listening on 8080","label":"catalog/server.js","timestamp":"18-02-2016T15:43:30"}
{"level":"info","message":"Server listening on 8080","label":"catalog/server.js","timestamp":"18-02-2016T15:50:46"}
{"level":"info","message":"Server listening on 8080","label":"catalog/server.js","timestamp":"18-02-2016T15:53:20"}
{"level":"info","message":"Server listening on 8080","label":"catalog/server.js","timestamp":"18-02-2016T15:54:51"}
{"level":"info","message":"Server listening on 8080","label":"catalog/server.js","timestamp":"18-02-2016T15:56:23"}
{"level":"info","message":"Server listening on 8080","label":"catalog/server.js","timestamp":"18-02-2016T15:58:01"}
{"level":"info","message":"Server listening on 8080","label":"catalog/server.js","timestamp":"18-02-2016T15:59:48"}
{"level":"error","message":"Error status: 404, Error path: /app/catalogsundefined, Error message: Page not found!","label":"catalog/server.js","timestamp":"18-02-2016T17:18:01"}
{"level":"error","message":"Error status: 404, Error path: /app/catalogs, Error message: Page not found!","label":"catalog/server.js","timestamp":"18-02-2016T17:22:10"}
{"level":"info","message":"Server listening on 8080","label":"catalog/server.js","timestamp":"18-02-2016T17:41:48"}
{"level":"info","message":"Server listening on 8080","label":"catalog/server.js","timestamp":"18-02-2016T17:51:20"}
{"level":"info","message":"Server listening on 8080","label":"catalog/server.js","timestamp":"18-02-2016T18:02:21"}
{"level":"info","message":"Server listening on 8080","label":"catalog/server.js","timestamp":"18-02-2016T18:03:24"}
{"level":"info","message":"Server listening on 8080","label":"catalog/server.js","timestamp":"18-02-2016T18:04:16"}
{"level":"info","message":"Server listening on 8080","label":"catalog/server.js","timestamp":"18-02-2016T18:14:39"}
{"level":"info","message":"Server listening on 8080","label":"catalog/server.js","timestamp":"18-02-2016T18:27:38"}
{"level":"info","message":"Server listening on 8080","label":"catalog/server.js","timestamp":"18-02-2016T18:34:27"}
{"level":"info","message":"Server listening on 8080","label":"catalog/server.js","timestamp":"18-02-2016T18:35:02"}
{"level":"info","message":"Server listening on 8080","label":"catalog/server.js","timestamp":"18-02-2016T19:09:19"}
{"level":"info","message":"Server listening on 8080","label":"catalog/server.js","timestamp":"18-02-2016T19:15:45"}
{"level":"error","message":"Error status: 404, Error path: /app/catalogs/dfdfdfd, Error message: Not Found","label":"catalog/server.js","timestamp":"18-02-2016T19:17:08"}
{"level":"info","message":"Server listening on 8080","label":"catalog/server.js","timestamp":"18-02-2016T19:18:49"}
{"level":"error","message":"Error status: 404, Error path: /app/catalogs/fsfsfsfds, Error message: Not Found","label":"catalog/server.js","timestamp":"18-02-2016T19:19:02"}
{"level":"info","message":"Server listening on 8080","label":"catalog/server.js","timestamp":"18-02-2016T19:19:26"}
{"level":"error","message":"Error status: 404, Error path: /app/catalogs/fgdgdgdgdg, Error message: Not Found","label":"catalog/server.js","timestamp":"18-02-2016T19:19:41"}
{"level":"info","message":"Server listening on 8080","label":"catalog/server.js","timestamp":"18-02-2016T19:21:56"}
{"level":"info","message":"Server listening on 8080","label":"catalog/server.js","timestamp":"18-02-2016T19:23:29"}
{"level":"error","message":"Error status: 404, Error path: /app/catalogs/xcvnnxczvnznvc, Error message: Page not found!","label":"catalog/server.js","timestamp":"18-02-2016T19:23:40"}
{"level":"error","message":"Error status: 404, Error path: /app/catalogs/xcvnnxczvnznv, Error message: Page not found!","label":"catalog/server.js","timestamp":"18-02-2016T19:23:47"}
{"level":"error","message":"Error status: 404, Error path: /app/catalogs/xcvnnxczvnznj, Error message: Page not found!","label":"catalog/server.js","timestamp":"18-02-2016T19:23:51"}
{"level":"error","message":"Error status: 404, Error path: /app/catalogs, Error message: Page not found!","label":"catalog/server.js","timestamp":"18-02-2016T19:23:55"}
{"level":"error","message":"Error status: 404, Error path: /app, Error message: Page not found!","label":"catalog/server.js","timestamp":"18-02-2016T19:24:00"}
{"level":"info","message":"Server listening on 8080","label":"catalog/server.js","timestamp":"18-02-2016T19:26:09"}
{"level":"error","message":"Error status: 404, Error path: /app/catalogs/vmcnvnmxcvx, Error message: Page not found!","label":"catalog/server.js","timestamp":"18-02-2016T19:26:20"}
{"level":"info","message":"Server listening on 8080","label":"catalog/server.js","timestamp":"18-02-2016T19:27:12"}
{"level":"error","message":"Error status: 404, Error path: /app/catalogs/managers.%D1%8C%D1%8C%D1%8C%D1%8E, Error message: Page not found!","label":"catalog/server.js","timestamp":"18-02-2016T19:30:19"}
{"level":"info","message":"Server listening on 8080","label":"catalog/server.js","timestamp":"18-02-2016T19:36:42"}
{"level":"info","message":"Server listening on 8080","label":"catalog/server.js","timestamp":"18-02-2016T19:59:14"}
{"level":"info","message":"Server listening on 8080","label":"catalog/server.js","timestamp":"18-02-2016T20:27:34"}
{"level":"info","message":"Server listening on 8080","label":"catalog/server.js","timestamp":"18-02-2016T21:40:01"}
{"level":"error","message":"Error status: 404, Error path: /managers, Error message: Page not found!","label":"catalog/server.js","timestamp":"18-02-2016T21:48:24"}
{"level":"error","message":"Error status: 404, Error path: /app/organizations/managers, Error message: Page not found!","label":"catalog/server.js","timestamp":"18-02-2016T21:50:08"}
{"level":"info","message":"Server listening on 8080","label":"catalog/server.js","timestamp":"19-02-2016T07:16:42"}
{"level":"info","message":"Server listening on 8080","label":"catalog/server.js","timestamp":"19-02-2016T07:44:57"}
{"level":"info","message":"Server listening on 8080","label":"catalog/server.js","timestamp":"20-02-2016T09:41:14"}
{"level":"info","message":"Server listening on 8080","label":"catalog/server.js","timestamp":"20-02-2016T17:53:44"}
{"level":"info","message":"Server listening on 8080","label":"catalog/server.js","timestamp":"20-02-2016T18:33:48"}
{"level":"info","message":"Server listening on 8080","label":"catalog/server.js","timestamp":"20-02-2016T18:36:08"}
{"level":"info","message":"Server listening on 8080","label":"catalog/server.js","timestamp":"20-02-2016T18:39:36"}
{"level":"info","message":"Server listening on 8080","label":"catalog/server.js","timestamp":"20-02-2016T18:53:11"}
{"level":"error","message":"Error status: 404, Error path: /app/catalogs/managers, Error message: Page not found!","label":"catalog/server.js","timestamp":"20-02-2016T18:58:01"}
{"level":"info","message":"Server listening on 8080","label":"catalog/server.js","timestamp":"20-02-2016T18:58:27"}
{"level":"error","message":"Error status: 404, Error path: /app/organizations/dfdfd, Error message: Page not found!","label":"catalog/server.js","timestamp":"20-02-2016T19:06:33"}
{"level":"error","message":"Error status: 404, Error path: /app/catlogs, Error message: Page not found!","label":"catalog/server.js","timestamp":"20-02-2016T19:06:42"}
{"level":"error","message":"Error status: 404, Error path: /app/organizations/l;l, Error message: Page not found!","label":"catalog/server.js","timestamp":"20-02-2016T19:07:07"}
{"level":"error","message":"Error status: 404, Error path: /app/organizations/, Error message: Page not found!","label":"catalog/server.js","timestamp":"20-02-2016T19:14:18"}
{"level":"error","message":"Error status: 404, Error path: /app/organizations, Error message: Page not found!","label":"catalog/server.js","timestamp":"20-02-2016T19:14:57"}
{"level":"error","message":"Error status: 404, Error path: /app/organizations/, Error message: Page not found!","label":"catalog/server.js","timestamp":"20-02-2016T19:17:40"}
{"level":"error","message":"Error status: 404, Error path: /app/organizations, Error message: Page not found!","label":"catalog/server.js","timestamp":"20-02-2016T19:17:56"}
{"level":"error","message":"Error status: 404, Error path: /app/organizations, Error message: Page not found!","label":"catalog/server.js","timestamp":"20-02-2016T19:22:28"}
{"level":"error","message":"Error status: 404, Error path: /app/organizations, Error message: Page not found!","label":"catalog/server.js","timestamp":"20-02-2016T19:22:32"}
{"level":"error","message":"Error status: 404, Error path: /app/organizations, Error message: Page not found!","label":"catalog/server.js","timestamp":"20-02-2016T19:23:40"}
{"level":"info","message":"Server listening on 8080","label":"catalog/server.js","timestamp":"20-02-2016T19:25:05"}
{"level":"info","message":"Server listening on 8080","label":"catalog/server.js","timestamp":"20-02-2016T19:26:27"}
{"level":"info","message":"Server listening on 8080","label":"catalog/server.js","timestamp":"20-02-2016T19:39:04"}
{"level":"info","message":"Server listening on 8080","label":"catalog/server.js","timestamp":"20-02-2016T19:43:07"}
{"level":"info","message":"Server listening on 8080","label":"catalog/server.js","timestamp":"20-02-2016T19:45:30"}
{"level":"info","message":"Server listening on 8080","label":"catalog/server.js","timestamp":"20-02-2016T19:52:19"}
{"level":"info","message":"Server listening on 8080","label":"catalog/server.js","timestamp":"20-02-2016T19:57:10"}
{"level":"info","message":"Server listening on 8080","label":"catalog/server.js","timestamp":"20-02-2016T19:57:45"}
{"level":"info","message":"Server listening on 8080","label":"catalog/server.js","timestamp":"20-02-2016T19:58:48"}
{"level":"info","message":"Server listening on 8080","label":"catalog/server.js","timestamp":"20-02-2016T20:00:04"}
{"level":"info","message":"Server listening on 8080","label":"catalog/server.js","timestamp":"20-02-2016T20:01:17"}
{"level":"info","message":"Server listening on 8080","label":"catalog/server.js","timestamp":"20-02-2016T20:03:34"}
{"level":"info","message":"Server listening on 8080","label":"catalog/server.js","timestamp":"20-02-2016T20:04:21"}
{"level":"info","message":"Server listening on 8080","label":"catalog/server.js","timestamp":"20-02-2016T20:05:36"}
{"level":"info","message":"Server listening on 8080","label":"catalog/server.js","timestamp":"20-02-2016T20:08:02"}
{"level":"info","message":"Server listening on 8080","label":"catalog/server.js","timestamp":"20-02-2016T20:09:03"}
{"level":"info","message":"Server listening on 8080","label":"catalog/server.js","timestamp":"20-02-2016T20:15:20"}
{"level":"info","message":"Server listening on 8080","label":"catalog/server.js","timestamp":"20-02-2016T20:16:08"}
{"level":"info","message":"Server listening on 8080","label":"catalog/server.js","timestamp":"20-02-2016T20:16:55"}
{"level":"info","message":"Server listening on 8080","label":"catalog/server.js","timestamp":"20-02-2016T20:18:08"}
{"level":"info","message":"Server listening on 8080","label":"catalog/server.js","timestamp":"20-02-2016T20:19:27"}
{"level":"info","message":"Server listening on 8080","label":"catalog/server.js","timestamp":"20-02-2016T20:20:13"}
{"level":"info","message":"Server listening on 8080","label":"catalog/server.js","timestamp":"20-02-2016T22:04:55"}
{"level":"info","message":"Server listening on 8080","label":"catalog/server.js","timestamp":"20-02-2016T22:08:05"}
{"level":"info","message":"Server listening on 8080","label":"catalog/server.js","timestamp":"20-02-2016T22:12:36"}
{"level":"info","message":"Server listening on 8080","label":"catalog/server.js","timestamp":"20-02-2016T22:14:16"}
{"level":"info","message":"Server listening on 8080","label":"catalog/server.js","timestamp":"20-02-2016T22:18:19"}
{"level":"info","message":"Server listening on 8080","label":"catalog/server.js","timestamp":"20-02-2016T22:29:05"}
{"level":"info","message":"Server listening on 8080","label":"catalog/server.js","timestamp":"20-02-2016T22:30:20"}
{"level":"info","message":"Server listening on 8080","label":"catalog/server.js","timestamp":"20-02-2016T22:49:06"}
{"level":"info","message":"Server listening on 8080","label":"catalog/server.js","timestamp":"20-02-2016T22:55:07"}
{"level":"info","message":"Server listening on 8080","label":"catalog/server.js","timestamp":"20-02-2016T22:57:54"}
{"level":"info","message":"Server listening on 8080","label":"catalog/server.js","timestamp":"21-02-2016T00:05:48"}
{"level":"info","message":"Server listening on 8080","label":"catalog/server.js","timestamp":"21-02-2016T00:06:31"}
{"level":"error","message":"Error status: 404, Error path: /app/catalogs/dfsdfsfsf, Error message: Page not found!","label":"catalog/server.js","timestamp":"21-02-2016T00:06:35"}
{"level":"info","message":"Server listening on 8080","label":"catalog/server.js","timestamp":"21-02-2016T00:07:20"}
{"level":"error","message":"Error status: 404, Error path: /app/catalogs/dfsdfsfsf, Error message: Page not found!","label":"catalog/server.js","timestamp":"21-02-2016T00:07:23"}
{"level":"info","message":"Server listening on 8080","label":"catalog/server.js","timestamp":"21-02-2016T00:13:32"}
{"level":"error","message":"Error status: 404, Error path: /app/catalogs/dfsdfsfsf, Error message: Page not found!","label":"catalog/server.js","timestamp":"21-02-2016T00:13:38"}
{"level":"error","message":"Error status: 404, Error path: /app/catalogs/dfsdfsfsf, Error message: Page not found!","label":"catalog/server.js","timestamp":"21-02-2016T00:13:47"}
{"level":"info","message":"Server listening on 8080","label":"catalog/server.js","timestamp":"21-02-2016T00:14:25"}
{"level":"error","message":"Error status: 404, Error path: /catalogs/dfsdfsdfsdf, Error message: Page not found!","label":"catalog/server.js","timestamp":"21-02-2016T00:14:36"}
{"level":"error","message":"Error status: 404, Error path: /catalogs/dfsdfsdfsdf, Error message: Page not found!","label":"catalog/server.js","timestamp":"21-02-2016T00:14:50"}
{"level":"info","message":"Server listening on 8080","label":"catalog/server.js","timestamp":"21-02-2016T00:15:12"}
{"level":"error","message":"Error status: 404, Error path: /app/catalogs/dsdsd, Error message: Page not found!","label":"catalog/server.js","timestamp":"21-02-2016T00:15:24"}
{"level":"error","message":"Error status: 404, Error path: /app/catalogs/dsdsd, Error message: Page not found!","label":"catalog/server.js","timestamp":"21-02-2016T00:15:34"}
{"level":"info","message":"Server listening on 8080","label":"catalog/server.js","timestamp":"21-02-2016T20:09:48"}
{"level":"info","message":"Server listening on 8080","label":"catalog/server.js","timestamp":"21-02-2016T20:12:39"}
{"level":"info","message":"Server listening on 8080","label":"catalog/server.js","timestamp":"21-02-2016T20:13:24"}
{"level":"info","message":"Server listening on 8080","label":"catalog/server.js","timestamp":"21-02-2016T20:14:11"}
{"level":"info","message":"Server listening on 8080","label":"catalog/server.js","timestamp":"21-02-2016T20:16:27"}
{"level":"info","message":"Server listening on 8080","label":"catalog/server.js","timestamp":"21-02-2016T20:28:23"}
{"level":"info","message":"Server listening on 8080","label":"catalog/server.js","timestamp":"21-02-2016T20:48:31"}
{"level":"error","message":"Error status: 404, Error path: /app/organizations/dgfdfdfd, Error message: Page not found!","label":"catalog/server.js","timestamp":"21-02-2016T20:58:13"}
{"level":"info","message":"Server listening on 8080","label":"catalog/server.js","timestamp":"21-02-2016T20:58:43"}
{"level":"info","message":"Server listening on 8080","label":"catalog/server.js","timestamp":"21-02-2016T21:06:19"}
{"level":"info","message":"Server listening on 8080","label":"catalog/server.js","timestamp":"21-02-2016T21:53:50"}
{"level":"info","message":"Server listening on 8080","label":"catalog/server.js","timestamp":"21-02-2016T21:59:17"}
{"level":"info","message":"Server listening on 8080","label":"catalog/server.js","timestamp":"21-02-2016T22:00:16"}
{"level":"info","message":"Server listening on 8080","label":"catalog/server.js","timestamp":"21-02-2016T22:01:23"}
{"level":"info","message":"Server listening on 8080","label":"catalog/server.js","timestamp":"21-02-2016T22:02:42"}
{"level":"info","message":"Server listening on 8080","label":"catalog/server.js","timestamp":"21-02-2016T22:04:16"}
{"level":"info","message":"Server listening on 8080","label":"catalog/server.js","timestamp":"21-02-2016T22:04:23"}
{"level":"info","message":"Server listening on 8080","label":"catalog/server.js","timestamp":"21-02-2016T22:06:07"}
{"level":"info","message":"Server listening on 8080","label":"catalog/server.js","timestamp":"21-02-2016T22:09:53"}
{"level":"error","message":"Error status: 404, Error path: /app/organizations/56f0472b84ef085c4b654aa4, Error message: Page not found!","label":"catalog/server.js","timestamp":"21-02-2016T22:13:59"}
{"level":"info","message":"Server listening on 8080","label":"catalog/server.js","timestamp":"21-02-2016T22:45:29"}
{"level":"info","message":"Server listening on 8080","label":"catalog/server.js","timestamp":"21-02-2016T22:51:19"}
{"level":"info","message":"Server listening on 8080","label":"catalog/server.js","timestamp":"21-02-2016T23:01:10"}
{"level":"info","message":"Server listening on 8080","label":"catalog/server.js","timestamp":"21-02-2016T23:18:19"}
{"level":"info","message":"Server listening on 8080","label":"catalog/server.js","timestamp":"21-02-2016T23:20:34"}
{"level":"info","message":"Server listening on 8080","label":"catalog/server.js","timestamp":"21-02-2016T23:21:42"}
{"level":"error","message":"Error status: undefined, Error path: /app/organizations/56f057215067cfb05e56o1b1, Error message: Argument passed in must be a single String of 12 bytes or a string of 24 hex characters","label":"catalog/server.js","timestamp":"21-02-2016T23:24:01"}
{"level":"info","message":"Server listening on 8080","label":"catalog/server.js","timestamp":"21-02-2016T23:35:17"}
{"level":"error","message":"Error status: 404, Error path: /app/organizations/56f057215067cb05e56c1b1, Error message: Not Found","label":"catalog/server.js","timestamp":"21-02-2016T23:35:20"}
{"level":"info","message":"Server listening on 8080","label":"catalog/server.js","timestamp":"21-02-2016T23:35:51"}
{"level":"info","message":"Server listening on 8080","label":"catalog/server.js","timestamp":"21-02-2016T23:36:51"}
{"level":"error","message":"Error status: 404, Error path: /app/organizations/56f057215067cfb05e56c1b1, Error message: Not Found","label":"catalog/server.js","timestamp":"21-02-2016T23:37:02"}
{"level":"info","message":"Server listening on 8080","label":"catalog/server.js","timestamp":"21-02-2016T23:37:41"}
{"level":"info","message":"Server listening on 8080","label":"catalog/server.js","timestamp":"21-02-2016T23:38:23"}
{"level":"error","message":"Error status: undefined, Error path: /app/organizations/56f057215067cfb05e6c1b1, Error message: Argument passed in must be a single String of 12 bytes or a string of 24 hex characters","label":"catalog/server.js","timestamp":"21-02-2016T23:38:47"}
{"level":"info","message":"Server listening on 8080","label":"catalog/server.js","timestamp":"21-02-2016T23:39:16"}
{"level":"error","message":"Error status: 404, Error path: /app/organizationsxzczczxc, Error message: Page not found!","label":"catalog/server.js","timestamp":"21-02-2016T23:39:32"}
{"level":"error","message":"Error status: undefined, Error path: /app/organizations/cxzlczxcz, Error message: Argument passed in must be a single String of 12 bytes or a string of 24 hex characters","label":"catalog/server.js","timestamp":"21-02-2016T23:39:52"}
{"level":"info","message":"Server listening on 8080","label":"catalog/server.js","timestamp":"21-02-2016T23:40:11"}
{"level":"info","message":"Server listening on 8080","label":"catalog/server.js","timestamp":"21-02-2016T23:41:11"}
{"level":"error","message":"Error status: undefined, Error path: /app/organizations/56f057215067cfb0xcxcxc5e56c1b1, Error message: Argument passed in must be a single String of 12 bytes or a string of 24 hex characters","label":"catalog/server.js","timestamp":"21-02-2016T23:41:26"}
{"level":"info","message":"Server listening on 8080","label":"catalog/server.js","timestamp":"21-02-2016T23:41:55"}
{"level":"error","message":"Error status: 404, Error path: /app/organizations/56f05721506cxcxc7cfb05e56c1b1, Error message: Not Found","label":"catalog/server.js","timestamp":"21-02-2016T23:42:12"}
{"level":"info","message":"Server listening on 8080","label":"catalog/server.js","timestamp":"21-02-2016T23:43:43"}
{"level":"error","message":"Error status: undefined, Error path: /app/organizations/56f057215067sdsadacfb05e56c1b1, Error message: Argument passed in must be a single String of 12 bytes or a string of 24 hex characters","label":"catalog/server.js","timestamp":"21-02-2016T23:43:55"}
{"level":"info","message":"Server listening on 8080","label":"catalog/server.js","timestamp":"21-02-2016T23:44:36"}
{"level":"info","message":"Server listening on 8080","label":"catalog/server.js","timestamp":"21-02-2016T23:45:25"}
{"level":"error","message":"Error status: 500, Error path: /app/organizations/56f05721fgfgf5067cfb05e56c1b1, Error message: Internal Server Error","label":"catalog/server.js","timestamp":"21-02-2016T23:45:37"}
{"level":"info","message":"Server listening on 8080","label":"catalog/server.js","timestamp":"22-02-2016T21:28:27"}
{"level":"info","message":"Server listening on 8080","label":"catalog/server.js","timestamp":"22-02-2016T21:35:01"}
{"level":"info","message":"Server listening on 8080","label":"catalog/server.js","timestamp":"22-02-2016T21:36:44"}
{"level":"info","message":"Server listening on 8080","label":"catalog/server.js","timestamp":"22-02-2016T21:37:42"}
{"level":"info","message":"Server listening on 8080","label":"catalog/server.js","timestamp":"22-02-2016T21:40:42"}
{"level":"info","message":"Server listening on 8080","label":"catalog/server.js","timestamp":"22-02-2016T21:51:16"}
{"level":"info","message":"Server listening on 8080","label":"catalog/server.js","timestamp":"22-02-2016T21:57:08"}
{"level":"info","message":"Server listening on 8080","label":"catalog/server.js","timestamp":"22-02-2016T21:57:27"}
{"level":"info","message":"Server listening on 8080","label":"catalog/server.js","timestamp":"22-02-2016T21:59:07"}
{"level":"info","message":"Server listening on 8080","label":"catalog/server.js","timestamp":"22-02-2016T21:59:27"}
{"level":"info","message":"Server listening on 8080","label":"catalog/server.js","timestamp":"22-02-2016T22:01:41"}
{"level":"info","message":"Server listening on 8080","label":"catalog/server.js","timestamp":"22-02-2016T22:02:07"}
{"level":"info","message":"Server listening on 8080","label":"catalog/server.js","timestamp":"22-02-2016T22:04:39"}
{"level":"info","message":"Server listening on 8080","label":"catalog/server.js","timestamp":"22-02-2016T22:05:21"}
{"level":"info","message":"Server listening on 8080","label":"catalog/server.js","timestamp":"22-02-2016T22:05:38"}
{"level":"info","message":"Server listening on 8080","label":"catalog/server.js","timestamp":"22-02-2016T22:17:09"}
{"level":"error","message":"Error status: 500, Error path: /app/organizations/56f19483a7bffdb21b6ed435, Error message: Internal Server Error","label":"catalog/server.js","timestamp":"22-02-2016T22:17:17"}
{"level":"info","message":"Server listening on 8080","label":"catalog/server.js","timestamp":"22-02-2016T22:18:14"}
{"level":"error","message":"Error status: 500, Error path: /app/organizations/56f19483a7bffdb21b6ed435, Error message: Internal Server Error","label":"catalog/server.js","timestamp":"22-02-2016T22:18:23"}
{"level":"info","message":"Server listening on 8080","label":"catalog/server.js","timestamp":"22-02-2016T22:19:02"}
{"level":"error","message":"Error status: 500, Error path: /app/organizations/56f19483a7bffdb21b6ed435, Error message: Internal Server Error","label":"catalog/server.js","timestamp":"22-02-2016T22:19:11"}
{"level":"info","message":"Server listening on 8080","label":"catalog/server.js","timestamp":"22-02-2016T22:22:03"}
{"level":"error","message":"Error status: 500, Error path: /app/organizations/56f19483a7bffdb21b6ed435, Error message: Internal Server Error","label":"catalog/server.js","timestamp":"22-02-2016T22:22:12"}
{"level":"info","message":"Server listening on 8080","label":"catalog/server.js","timestamp":"22-02-2016T22:22:55"}
{"level":"info","message":"Server listening on 8080","label":"catalog/server.js","timestamp":"22-02-2016T22:25:37"}
{"level":"info","message":"Server listening on 8080","label":"catalog/server.js","timestamp":"22-02-2016T22:26:30"}
{"level":"info","message":"Server listening on 8080","label":"catalog/server.js","timestamp":"22-02-2016T22:30:14"}
{"level":"info","message":"Server listening on 8080","label":"catalog/server.js","timestamp":"22-02-2016T22:40:50"}
{"level":"info","message":"Server listening on 8080","label":"catalog/server.js","timestamp":"22-02-2016T22:42:31"}
{"level":"info","message":"Server listening on 8080","label":"catalog/server.js","timestamp":"22-02-2016T22:52:16"}
{"level":"info","message":"Server listening on 8080","label":"catalog/server.js","timestamp":"22-02-2016T23:03:21"}
{"level":"error","message":"Error status: 500, Error path: /app/organizations/56f19483a7bffdb21b6ed435, Error message: Internal Server Error","label":"catalog/server.js","timestamp":"22-02-2016T23:03:28"}
{"level":"info","message":"Server listening on 8080","label":"catalog/server.js","timestamp":"22-02-2016T23:04:24"}
{"level":"info","message":"Server listening on 8080","label":"catalog/server.js","timestamp":"22-02-2016T23:06:20"}
{"level":"info","message":"Server listening on 8080","label":"catalog/server.js","timestamp":"22-02-2016T23:28:38"}
{"level":"info","message":"Server listening on 8080","label":"catalog/server.js","timestamp":"22-02-2016T23:29:50"}
{"level":"info","message":"Server listening on 8080","label":"catalog/server.js","timestamp":"23-02-2016T18:15:31"}
{"level":"error","message":"Error status: 500, Error path: /app/organizations, Error message: Internal Server Error","label":"catalog/server.js","timestamp":"23-02-2016T18:18:29"}
{"level":"error","message":"Error status: 500, Error path: /app/organizations, Error message: Internal Server Error","label":"catalog/server.js","timestamp":"23-02-2016T18:18:43"}
{"level":"info","message":"Server listening on 8080","label":"catalog/server.js","timestamp":"23-02-2016T18:49:39"}
{"level":"info","message":"Server listening on 8080","label":"catalog/server.js","timestamp":"23-02-2016T19:26:31"}
{"level":"info","message":"Server listening on 8080","label":"catalog/server.js","timestamp":"23-02-2016T19:26:50"}
{"level":"info","message":"Server listening on 8080","label":"catalog/server.js","timestamp":"23-02-2016T19:29:46"}
{"level":"error","message":"Error status: 500, Error path: /app/organizations, Error message: Internal Server Error","label":"catalog/server.js","timestamp":"23-02-2016T19:35:58"}
{"level":"error","message":"Error status: 500, Error path: /app/organizations, Error message: Internal Server Error","label":"catalog/server.js","timestamp":"23-02-2016T19:42:23"}
{"level":"error","message":"Error status: 500, Error path: /app/organizations, Error message: Internal Server Error","label":"catalog/server.js","timestamp":"23-02-2016T20:17:23"}
{"level":"error","message":"Error status: 500, Error path: /app/organizations, Error message: Internal Server Error","label":"catalog/server.js","timestamp":"23-02-2016T20:17:28"}
{"level":"info","message":"Server listening on 8080","label":"catalog/server.js","timestamp":"23-02-2016T20:18:26"}
{"level":"error","message":"Error status: 404, Error path: /app/catalogs/manaers, Error message: Page not found!","label":"catalog/server.js","timestamp":"23-02-2016T20:22:40"}
{"level":"error","message":"Error status: 500, Error path: /app/organizations/56f2d1143e917f3843a0e, Error message: Internal Server Error","label":"catalog/server.js","timestamp":"23-02-2016T20:23:39"}
{"level":"error","message":"Error status: 500, Error path: /app/organizations/56f2d1143e917f3843a0e56%D1%81, Error message: Internal Server Error","label":"catalog/server.js","timestamp":"23-02-2016T20:23:43"}
{"level":"error","message":"Error status: 500, Error path: /app/organizations/56f2d1143e917f3843a0e56%D1%81, Error message: Internal Server Error","label":"catalog/server.js","timestamp":"23-02-2016T20:23:52"}
{"level":"error","message":"Error status: 404, Error path: /app/organizations/56f2d1143e917f3843a0e56c, Error message: Page not found!","label":"catalog/server.js","timestamp":"23-02-2016T20:32:23"}
{"level":"info","message":"Server listening on 8080","label":"catalog/server.js","timestamp":"23-02-2016T20:32:47"}
{"level":"info","message":"Server listening on 8080","label":"catalog/server.js","timestamp":"23-02-2016T20:35:04"}
{"level":"info","message":"Server listening on 8080","label":"catalog/server.js","timestamp":"23-02-2016T20:51:13"}
{"level":"error","message":"Error status: 500, Error path: /app/organizations/56f2d1143e917f3843a0e56c, Error message: Internal Server Error","label":"catalog/server.js","timestamp":"23-02-2016T20:51:27"}
{"level":"info","message":"Server listening on 8080","label":"catalog/server.js","timestamp":"23-02-2016T20:52:48"}
{"level":"error","message":"Error status: 500, Error path: /app/organizations/56f2d1143e917f3843a0e56c, Error message: Internal Server Error","label":"catalog/server.js","timestamp":"23-02-2016T20:53:04"}
{"level":"info","message":"Server listening on 8080","label":"catalog/server.js","timestamp":"23-02-2016T20:54:33"}
{"level":"info","message":"Server listening on 8080","label":"catalog/server.js","timestamp":"23-02-2016T20:54:47"}
{"level":"error","message":"Error status: 500, Error path: /app/organizations/56f2d1143e917f3843a0e56c, Error message: Internal Server Error","label":"catalog/server.js","timestamp":"23-02-2016T20:55:35"}
{"level":"info","message":"Server listening on 8080","label":"catalog/server.js","timestamp":"23-02-2016T20:59:20"}
{"level":"error","message":"Error status: 500, Error path: /app/organizations/56f2d1143e917f3843a0e56c, Error message: Internal Server Error","label":"catalog/server.js","timestamp":"23-02-2016T20:59:30"}
{"level":"info","message":"Server listening on 8080","label":"catalog/server.js","timestamp":"23-02-2016T21:01:36"}
{"level":"error","message":"Error status: 500, Error path: /app/organizations/56f2d1143e917f3843a0e56c, Error message: Internal Server Error","label":"catalog/server.js","timestamp":"23-02-2016T21:01:48"}
{"level":"info","message":"Server listening on 8080","label":"catalog/server.js","timestamp":"23-02-2016T21:06:28"}
{"level":"error","message":"Error status: 500, Error path: /app/organizations/56f2d1143e917f3843a0e56c, Error message: Internal Server Error","label":"catalog/server.js","timestamp":"23-02-2016T21:06:35"}
{"level":"info","message":"Server listening on 8080","label":"catalog/server.js","timestamp":"23-02-2016T21:11:22"}
{"level":"info","message":"Server listening on 8080","label":"catalog/server.js","timestamp":"23-02-2016T21:17:52"}
{"level":"error","message":"Error status: 500, Error path: /app/organizations/56f2d1143e917f3843a0e56c, Error message: Internal Server Error","label":"catalog/server.js","timestamp":"23-02-2016T21:18:03"}
{"level":"info","message":"Server listening on 8080","label":"catalog/server.js","timestamp":"23-02-2016T21:18:56"}
{"level":"error","message":"Error status: 500, Error path: /app/organizations/56f2d1143e917f3843a0e56c, Error message: Internal Server Error","label":"catalog/server.js","timestamp":"23-02-2016T21:19:06"}
{"level":"error","message":"Error status: 500, Error path: /app/organizations/56f2df680d5c3ce856225c5c, Error message: Internal Server Error","label":"catalog/server.js","timestamp":"23-02-2016T21:26:06"}
{"level":"info","message":"Server listening on 8080","label":"catalog/server.js","timestamp":"23-02-2016T21:32:06"}
{"level":"info","message":"Server listening on 8080","label":"catalog/server.js","timestamp":"23-02-2016T21:32:46"}
{"level":"info","message":"Server listening on 8080","label":"catalog/server.js","timestamp":"23-02-2016T21:33:06"}
{"level":"info","message":"Server listening on 8080","label":"catalog/server.js","timestamp":"23-02-2016T21:34:19"}
{"level":"info","message":"Server listening on 8080","label":"catalog/server.js","timestamp":"23-02-2016T21:43:41"}
{"level":"info","message":"Server listening on 8080","label":"catalog/server.js","timestamp":"23-02-2016T21:51:41"}
{"level":"info","message":"Server listening on 8080","label":"catalog/server.js","timestamp":"23-02-2016T21:52:16"}
{"level":"info","message":"Server listening on 8080","label":"catalog/server.js","timestamp":"23-02-2016T21:54:30"}
{"level":"info","message":"Server listening on 8080","label":"catalog/server.js","timestamp":"23-02-2016T21:55:15"}
{"level":"info","message":"Server listening on 8080","label":"catalog/server.js","timestamp":"23-02-2016T21:55:54"}
{"level":"error","message":"Error status: 500, Error path: /app/organizations/56f2ea9fbb024560636e0a6e, Error message: Internal Server Error","label":"catalog/server.js","timestamp":"23-02-2016T22:13:28"}
{"level":"info","message":"Server listening on 8080","label":"catalog/server.js","timestamp":"23-02-2016T22:17:33"}
{"level":"info","message":"Server listening on 8080","label":"catalog/server.js","timestamp":"23-02-2016T22:19:28"}
{"level":"info","message":"Server listening on 8080","label":"catalog/server.js","timestamp":"23-02-2016T22:20:12"}
{"level":"info","message":"Server listening on 8080","label":"catalog/server.js","timestamp":"23-02-2016T22:20:17"}
{"level":"info","message":"Server listening on 8080","label":"catalog/server.js","timestamp":"23-02-2016T22:21:20"}
{"level":"info","message":"Server listening on 8080","label":"catalog/server.js","timestamp":"23-02-2016T22:28:14"}
{"level":"info","message":"Server listening on 8080","label":"catalog/server.js","timestamp":"23-02-2016T22:30:10"}
{"level":"info","message":"Server listening on 8080","label":"catalog/server.js","timestamp":"23-02-2016T22:38:38"}
{"level":"info","message":"Server listening on 8080","label":"catalog/server.js","timestamp":"23-02-2016T22:42:22"}
{"level":"info","message":"Server listening on 8080","label":"catalog/server.js","timestamp":"23-02-2016T22:46:06"}
{"level":"info","message":"Server listening on 8080","label":"catalog/server.js","timestamp":"23-02-2016T22:47:57"}
{"level":"info","message":"Server listening on 8080","label":"catalog/server.js","timestamp":"23-02-2016T22:55:00"}
{"level":"info","message":"Server listening on 8080","label":"catalog/server.js","timestamp":"23-02-2016T22:57:46"}
{"level":"info","message":"Server listening on 8080","label":"catalog/server.js","timestamp":"23-02-2016T23:07:03"}
{"level":"info","message":"Server listening on 8080","label":"catalog/server.js","timestamp":"23-02-2016T23:08:50"}
{"level":"info","message":"Server listening on 8080","label":"catalog/server.js","timestamp":"23-02-2016T23:15:06"}
{"level":"info","message":"Server listening on 8080","label":"catalog/server.js","timestamp":"23-02-2016T23:41:39"}
{"level":"info","message":"Server listening on 8080","label":"catalog/server.js","timestamp":"23-02-2016T23:44:50"}
{"level":"error","message":"Error status: 500, Error path: /app/organizations, Error message: Internal Server Error","label":"catalog/server.js","timestamp":"23-02-2016T23:49:06"}
{"level":"info","message":"Server listening on 8080","label":"catalog/server.js","timestamp":"23-02-2016T23:59:04"}
{"level":"error","message":"Error status: 500, Error path: /app/organizations, Error message: Internal Server Error","label":"catalog/server.js","timestamp":"24-02-2016T00:06:50"}
{"level":"error","message":"Error status: 500, Error path: /app/organizations, Error message: Internal Server Error","label":"catalog/server.js","timestamp":"24-02-2016T00:08:10"}
{"level":"info","message":"Server listening on 8080","label":"catalog/server.js","timestamp":"24-02-2016T00:10:02"}
{"level":"error","message":"Error status: 500, Error path: /app/organizations, Error message: Internal Server Error","label":"catalog/server.js","timestamp":"24-02-2016T00:10:52"}
{"level":"error","message":"Error status: 500, Error path: /app/organizations, Error message: Internal Server Error","label":"catalog/server.js","timestamp":"24-02-2016T00:13:21"}
{"level":"error","message":"Error status: 500, Error path: /app/organizations, Error message: Internal Server Error","label":"catalog/server.js","timestamp":"24-02-2016T00:14:44"}
{"level":"info","message":"Server listening on 8080","label":"catalog/server.js","timestamp":"24-02-2016T00:15:05"}
{"level":"error","message":"Error status: 500, Error path: /app/organizations, Error message: Internal Server Error","label":"catalog/server.js","timestamp":"24-02-2016T00:15:41"}
{"level":"info","message":"Server listening on 8080","label":"catalog/server.js","timestamp":"24-02-2016T00:16:37"}
{"level":"error","message":"Error status: 500, Error path: /app/organizations, Error message: Internal Server Error","label":"catalog/server.js","timestamp":"24-02-2016T00:17:00"}
{"level":"error","message":"Error status: 500, Error path: /app/organizations, Error message: Internal Server Error","label":"catalog/server.js","timestamp":"24-02-2016T00:20:03"}
{"level":"info","message":"Server listening on 8080","label":"catalog/server.js","timestamp":"24-02-2016T00:20:10"}
{"level":"info","message":"Server listening on 8080","label":"catalog/server.js","timestamp":"24-02-2016T00:23:04"}
{"level":"error","message":"Error status: 500, Error path: /app/organizations, Error message: Internal Server Error","label":"catalog/server.js","timestamp":"24-02-2016T00:24:03"}
{"level":"info","message":"Server listening on 8080","label":"catalog/server.js","timestamp":"24-02-2016T00:25:19"}
{"level":"error","message":"Error status: 500, Error path: /app/organizations/56f3017a70cdb9ad04f35e33, Error message: Internal Server Error","label":"catalog/server.js","timestamp":"24-02-2016T00:26:15"}
{"level":"error","message":"Error status: 500, Error path: /app/organizations/56f3017a70cdb9ad04f35e33, Error message: Internal Server Error","label":"catalog/server.js","timestamp":"24-02-2016T00:27:23"}
{"level":"error","message":"Error status: 500, Error path: /app/organizations/56f3017a70cdb9ad04f35e33, Error message: Internal Server Error","label":"catalog/server.js","timestamp":"24-02-2016T00:29:13"}
{"level":"info","message":"Server listening on 8080","label":"catalog/server.js","timestamp":"24-02-2016T21:34:50"}
{"level":"error","message":"Error status: 500, Error path: /app/organizations/56f3017a70cdb9ad04f35e33, Error message: Internal Server Error","label":"catalog/server.js","timestamp":"24-02-2016T21:37:04"}
{"level":"error","message":"Error status: 500, Error path: /app/organizations/56f3017a70cdb9ad04f35e33, Error message: Internal Server Error","label":"catalog/server.js","timestamp":"24-02-2016T21:37:09"}
{"level":"error","message":"Error status: 500, Error path: /app/organizations/56f43471a22ff74e1152e6f8, Error message: Internal Server Error","label":"catalog/server.js","timestamp":"24-02-2016T21:43:44"}
{"level":"error","message":"Error status: 500, Error path: /app/organizations/56f43661a22ff74e1152e6fc, Error message: Internal Server Error","label":"catalog/server.js","timestamp":"24-02-2016T21:48:31"}
{"level":"info","message":"Server listening on 8080","label":"catalog/server.js","timestamp":"24-02-2016T21:49:19"}
{"level":"info","message":"Server listening on 8080","label":"catalog/server.js","timestamp":"24-02-2016T21:50:26"}
{"level":"error","message":"Error status: 500, Error path: /app/organizations/56f4372928b1ef0e149f6ad7, Error message: Internal Server Error","label":"catalog/server.js","timestamp":"24-02-2016T21:53:07"}
{"level":"error","message":"Error status: 404, Error path: /app/organizations/56f4372928b1ef0e149f6ad7, Error message: Page not found!","label":"catalog/server.js","timestamp":"24-02-2016T21:53:30"}
{"level":"info","message":"Server listening on 8080","label":"catalog/server.js","timestamp":"24-02-2016T21:55:16"}
{"level":"error","message":"Error status: 500, Error path: /app/organizations/56f438b46345a08b16f3f325, Error message: Internal Server Error","label":"catalog/server.js","timestamp":"24-02-2016T21:59:29"}
{"level":"info","message":"Server listening on 8080","label":"catalog/server.js","timestamp":"24-02-2016T22:15:48"}
{"level":"info","message":"Server listening on 8080","label":"catalog/server.js","timestamp":"24-02-2016T22:16:06"}
{"level":"info","message":"Server listening on 8080","label":"catalog/server.js","timestamp":"24-02-2016T22:18:19"}
{"level":"info","message":"Server listening on 8080","label":"catalog/server.js","timestamp":"24-02-2016T22:58:12"}
{"level":"info","message":"Server listening on 8080","label":"catalog/server.js","timestamp":"24-02-2016T22:58:47"}
{"level":"info","message":"Server listening on 8080","label":"catalog/server.js","timestamp":"24-02-2016T22:59:40"}
{"level":"info","message":"Server listening on 8080","label":"catalog/server.js","timestamp":"24-02-2016T23:00:39"}
{"level":"info","message":"Server listening on 8080","label":"catalog/server.js","timestamp":"24-02-2016T23:02:49"}
{"level":"info","message":"Server listening on 8080","label":"catalog/server.js","timestamp":"24-02-2016T23:03:35"}
{"level":"info","message":"Server listening on 8080","label":"catalog/server.js","timestamp":"24-02-2016T23:05:18"}
{"level":"error","message":"Error status: 500, Error path: /app/organizations/56f4375828b1ef0e149f6ad8, Error message: Internal Server Error","label":"catalog/server.js","timestamp":"24-02-2016T23:07:45"}
{"level":"info","message":"Server listening on 8080","label":"catalog/server.js","timestamp":"24-02-2016T23:08:14"}
{"level":"info","message":"Server listening on 8080","label":"catalog/server.js","timestamp":"24-02-2016T23:23:27"}
{"level":"info","message":"Server listening on 8080","label":"catalog/server.js","timestamp":"24-02-2016T23:30:33"}
{"level":"info","message":"Server listening on 8080","label":"catalog/server.js","timestamp":"24-02-2016T23:35:38"}
{"level":"info","message":"Server listening on 8080","label":"catalog/server.js","timestamp":"24-02-2016T23:36:34"}
{"level":"info","message":"Server listening on 8080","label":"catalog/server.js","timestamp":"24-02-2016T23:37:58"}
{"level":"info","message":"Server listening on 8080","label":"catalog/server.js","timestamp":"25-02-2016T16:02:44"}
{"level":"info","message":"Server listening on 8080","label":"catalog/server.js","timestamp":"25-02-2016T16:06:36"}
{"level":"info","message":"Server listening on 8080","label":"catalog/server.js","timestamp":"25-02-2016T16:07:03"}
{"level":"info","message":"Server listening on 8080","label":"catalog/server.js","timestamp":"25-02-2016T16:24:47"}
{"level":"info","message":"Server listening on 8080","label":"catalog/server.js","timestamp":"25-02-2016T16:30:59"}
{"level":"info","message":"Server listening on 8080","label":"catalog/server.js","timestamp":"25-02-2016T16:35:58"}
{"level":"info","message":"Server listening on 8080","label":"catalog/server.js","timestamp":"25-02-2016T16:40:42"}
{"level":"info","message":"Server listening on 8080","label":"catalog/server.js","timestamp":"25-02-2016T16:56:50"}
{"level":"info","message":"Server listening on 8080","label":"catalog/server.js","timestamp":"25-02-2016T16:57:08"}
{"level":"info","message":"Server listening on 8080","label":"catalog/server.js","timestamp":"25-02-2016T17:02:09"}
{"level":"info","message":"Server listening on 8080","label":"catalog/server.js","timestamp":"25-02-2016T17:02:25"}
{"level":"info","message":"Server listening on 8080","label":"catalog/server.js","timestamp":"25-02-2016T17:03:41"}
{"level":"info","message":"Server listening on 8080","label":"catalog/server.js","timestamp":"25-02-2016T17:13:45"}
{"level":"info","message":"Server listening on 8080","label":"catalog/server.js","timestamp":"25-02-2016T17:14:53"}
{"level":"info","message":"Server listening on 8080","label":"catalog/server.js","timestamp":"25-02-2016T17:15:40"}
{"level":"info","message":"Server listening on 8080","label":"catalog/server.js","timestamp":"25-02-2016T17:16:36"}
{"level":"info","message":"Server listening on 8080","label":"catalog/server.js","timestamp":"25-02-2016T17:17:47"}
{"level":"info","message":"Server listening on 8080","label":"catalog/server.js","timestamp":"25-02-2016T17:35:14"}
{"level":"info","message":"Server listening on 8080","label":"catalog/server.js","timestamp":"25-02-2016T17:35:57"}
{"level":"info","message":"Server listening on 8080","label":"catalog/server.js","timestamp":"25-02-2016T17:54:13"}
{"level":"error","message":"Error status: 500, Error path: /app/organizations, Error message: Internal Server Error","label":"catalog/server.js","timestamp":"25-02-2016T17:54:36"}
{"level":"info","message":"Server listening on 8080","label":"catalog/server.js","timestamp":"25-02-2016T18:00:00"}
{"level":"info","message":"Server listening on 8080","label":"catalog/server.js","timestamp":"25-02-2016T18:01:25"}
{"level":"error","message":"Error status: 500, Error path: /app/organizations, Error message: Internal Server Error","label":"catalog/server.js","timestamp":"25-02-2016T18:02:53"}
{"level":"error","message":"Error status: 500, Error path: /app/organizations, Error message: Internal Server Error","label":"catalog/server.js","timestamp":"25-02-2016T18:04:30"}
{"level":"error","message":"Error status: 500, Error path: /app/organizations, Error message: Internal Server Error","label":"catalog/server.js","timestamp":"25-02-2016T18:52:57"}
{"level":"error","message":"Error status: 500, Error path: /app/organizations, Error message: Internal Server Error","label":"catalog/server.js","timestamp":"25-02-2016T18:53:01"}
{"level":"error","message":"Error status: 500, Error path: /app/organizations, Error message: Internal Server Error","label":"catalog/server.js","timestamp":"25-02-2016T18:53:19"}
{"level":"error","message":"Error status: 500, Error path: /app/organizations, Error message: Internal Server Error","label":"catalog/server.js","timestamp":"25-02-2016T18:54:05"}
{"level":"info","message":"Server listening on 8080","label":"catalog/server.js","timestamp":"25-02-2016T18:54:16"}
{"level":"error","message":"Error status: 500, Error path: /app/organizations, Error message: Internal Server Error","label":"catalog/server.js","timestamp":"25-02-2016T18:55:10"}
{"level":"info","message":"Server listening on 8080","label":"catalog/server.js","timestamp":"25-02-2016T18:56:50"}
{"level":"error","message":"Error status: 500, Error path: /app/organizations, Error message: Internal Server Error","label":"catalog/server.js","timestamp":"25-02-2016T18:57:04"}
{"level":"info","message":"Server listening on 8080","label":"catalog/server.js","timestamp":"25-02-2016T18:57:27"}
{"level":"error","message":"Error status: 500, Error path: /app/organizations, Error message: Internal Server Error","label":"catalog/server.js","timestamp":"25-02-2016T18:57:44"}
{"level":"info","message":"Server listening on 8080","label":"catalog/server.js","timestamp":"25-02-2016T18:58:35"}
{"level":"error","message":"Error status: 500, Error path: /app/organizations, Error message: Internal Server Error","label":"catalog/server.js","timestamp":"25-02-2016T18:59:11"}
{"level":"error","message":"Error status: 500, Error path: /app/organizations, Error message: Internal Server Error","label":"catalog/server.js","timestamp":"25-02-2016T18:59:13"}
{"level":"error","message":"Error status: 500, Error path: /app/organizations/56f560c9c2b06cfc61ea1ba9, Error message: Internal Server Error","label":"catalog/server.js","timestamp":"25-02-2016T19:01:47"}
{"level":"info","message":"Server listening on 8080","label":"catalog/server.js","timestamp":"25-02-2016T19:03:17"}
{"level":"info","message":"Server listening on 8080","label":"catalog/server.js","timestamp":"25-02-2016T21:55:30"}
{"level":"info","message":"Server listening on 8080","label":"catalog/server.js","timestamp":"26-02-2016T13:40:43"}
{"level":"error","message":"Error status: 500, Error path: /app/catalogs/types, Error message: Internal Server Error","label":"catalog/server.js","timestamp":"26-02-2016T13:48:43"}
{"level":"error","message":"Error status: 404, Error path: /app/catalogs/types/fgjhfkjg, Error message: Page not found!","label":"catalog/server.js","timestamp":"26-02-2016T13:49:15"}
{"level":"error","message":"Error status: 404, Error path: /app/catalogs, Error message: Page not found!","label":"catalog/server.js","timestamp":"26-02-2016T13:49:19"}
{"level":"info","message":"Server listening on 8080","label":"catalog/server.js","timestamp":"27-02-2016T20:56:41"}
{"level":"info","message":"Server listening on 8080","label":"catalog/server.js","timestamp":"27-02-2016T23:18:58"}
{"level":"info","message":"Server listening on 8080","label":"catalog/server.js","timestamp":"27-02-2016T23:51:33"}
{"level":"info","message":"Server listening on 8080","label":"catalog/server.js","timestamp":"27-02-2016T23:53:01"}
{"level":"info","message":"Server listening on 8080","label":"catalog/server.js","timestamp":"27-02-2016T23:54:47"}
{"level":"error","message":"Error status: 404, Error path: /app/organizations/56f83222cc5d45005478b06d, Error message: Page not found!","label":"catalog/server.js","timestamp":"27-02-2016T23:55:02"}
{"level":"info","message":"Server listening on 8080","label":"catalog/server.js","timestamp":"27-02-2016T23:55:35"}
{"level":"info","message":"Server listening on 8080","label":"catalog/server.js","timestamp":"28-02-2016T00:04:44"}
{"level":"info","message":"Server listening on 8080","label":"catalog/server.js","timestamp":"28-02-2016T00:23:01"}
{"level":"error","message":"Error status: 500, Error path: /app/catalogs/types, Error message: Internal Server Error","label":"catalog/server.js","timestamp":"28-02-2016T00:23:20"}
{"level":"info","message":"Server listening on 8080","label":"catalog/server.js","timestamp":"28-02-2016T00:24:37"}
{"level":"error","message":"Error status: 500, Error path: /app/catalogs/types, Error message: Internal Server Error","label":"catalog/server.js","timestamp":"28-02-2016T00:24:52"}
{"level":"info","message":"Server listening on 8080","label":"catalog/server.js","timestamp":"28-02-2016T00:25:08"}
{"level":"error","message":"Error status: 500, Error path: /app/catalogs/types, Error message: Internal Server Error","label":"catalog/server.js","timestamp":"28-02-2016T00:25:21"}
{"level":"info","message":"Server listening on 8080","label":"catalog/server.js","timestamp":"28-02-2016T00:26:58"}
{"level":"info","message":"Server listening on 8080","label":"catalog/server.js","timestamp":"28-02-2016T00:31:23"}
{"level":"info","message":"Server listening on 8080","label":"catalog/server.js","timestamp":"29-02-2016T19:38:47"}
{"level":"info","message":"Server listening on 8080","label":"catalog/server.js","timestamp":"29-02-2016T19:39:22"}
{"level":"info","message":"Server listening on 8080","label":"catalog/server.js","timestamp":"29-02-2016T20:23:08"}
{"level":"info","message":"Server listening on 8080","label":"catalog/server.js","timestamp":"29-02-2016T20:25:44"}
{"level":"info","message":"Server listening on 8080","label":"catalog/server.js","timestamp":"29-02-2016T20:53:14"}
{"level":"info","message":"Server listening on 8080","label":"catalog/server.js","timestamp":"29-02-2016T21:30:06"}
{"level":"info","message":"Server listening on 8080","label":"catalog/server.js","timestamp":"29-02-2016T21:54:36"}
{"level":"info","message":"Server listening on 8080","label":"catalog/server.js","timestamp":"29-02-2016T22:08:27"}
{"level":"info","message":"Server listening on 8080","label":"catalog/server.js","timestamp":"29-02-2016T22:09:45"}
{"level":"error","message":"Error status: 404, Error path: /app/organizationsgfgfdg, Error message: Page not found!","label":"catalog/server.js","timestamp":"29-02-2016T22:31:57"}
{"level":"info","message":"Server listening on 8080","label":"catalog/server.js","timestamp":"29-02-2016T23:43:09"}
{"level":"info","message":"Server listening on 8080","label":"catalog/server.js","timestamp":"30-02-2016T00:10:43"}
{"level":"info","message":"Server listening on 8080","label":"catalog/server.js","timestamp":"30-02-2016T23:22:53"}
{"level":"error","message":"Error status: 404, Error path: /dlfdf/fdf, Error message: Page not found!","label":"catalog/server.js","timestamp":"30-02-2016T23:28:15"}
{"level":"info","message":"Server listening on 8080","label":"catalog/server.js","timestamp":"30-02-2016T23:31:09"}
{"level":"info","message":"Server listening on 8080","label":"catalog/server.js","timestamp":"30-02-2016T23:33:06"}
