0 info it worked if it ends with ok
1 verbose cli [ 'node', '/bin/npm', 'install', 'config', '--save' ]
2 info using npm@1.3.6
3 info using node@v0.10.36
4 verbose node symlink /bin/node
5 error Failed to parse json
5 error Unexpected token '
6 error File: /var/web/MEAN/catalog/package.json
7 error Failed to parse package.json data.
7 error package.json must be actual JSON, not just JavaScript.
7 error
7 error This is not a bug in npm.
7 error Tell the package author to fix their package.json file. JSON.parse
8 error System Linux 3.10.0-327.4.5.el7.x86_64
9 error command "node" "/bin/npm" "install" "config" "--save"
10 error cwd /var/web/MEAN/catalog/public
11 error node -v v0.10.36
12 error npm -v 1.3.6
13 error file /var/web/MEAN/catalog/package.json
14 error code EJSONPARSE
15 verbose exit [ 1, true ]
